Command line invocation:
    /Applications/Xcode.app/Contents/Developer/usr/bin/xcodebuild -scheme HapgyeokpanApp -project HapgyeokpanApp.xcodeproj -sdk iphonesimulator build

Build settings from command line:
    SDKROOT = iphonesimulator26.2

2026-02-24 21:24:29.628 xcodebuild[48867:11174569] [MT] IDERunDestination: Supported platforms for the buildables in the current scheme is empty.
--- xcodebuild: WARNING: Using the first of multiple matching destinations:
{ platform:iOS Simulator, id:dvtdevice-DVTiOSDeviceSimulatorPlaceholder-iphonesimulator:placeholder, name:Any iOS Simulator Device }
{ platform:iOS Simulator, arch:arm64, id:67548936-4AFD-411F-A022-E4C93CCE2BF0, OS:18.3.1, name:iPad (10th generation) }
{ platform:iOS Simulator, arch:x86_64, id:67548936-4AFD-411F-A022-E4C93CCE2BF0, OS:18.3.1, name:iPad (10th generation) }
{ platform:iOS Simulator, arch:arm64, id:5C1AE98B-E54D-441C-90D9-DB931B64AD5F, OS:18.3.1, name:iPad (A16) }
{ platform:iOS Simulator, arch:x86_64, id:5C1AE98B-E54D-441C-90D9-DB931B64AD5F, OS:18.3.1, name:iPad (A16) }
{ platform:iOS Simulator, arch:arm64, id:FE216264-85CD-4712-85C1-D0089557F0FD, OS:26.2, name:iPad (A16) }
{ platform:iOS Simulator, arch:arm64, id:38940388-A10C-4A66-8AAE-0DFB471B9A38, OS:18.3.1, name:iPad Air 11-inch (M2) }
{ platform:iOS Simulator, arch:x86_64, id:38940388-A10C-4A66-8AAE-0DFB471B9A38, OS:18.3.1, name:iPad Air 11-inch (M2) }
{ platform:iOS Simulator, arch:arm64, id:8A0CAF0A-203F-4E21-AFA7-68902AE5BF35, OS:18.3.1, name:iPad Air 11-inch (M3) }
{ platform:iOS Simulator, arch:x86_64, id:8A0CAF0A-203F-4E21-AFA7-68902AE5BF35, OS:18.3.1, name:iPad Air 11-inch (M3) }
{ platform:iOS Simulator, arch:arm64, id:032C73B4-B76F-469F-9B9C-A71FCC554232, OS:26.2, name:iPad Air 11-inch (M3) }
{ platform:iOS Simulator, arch:arm64, id:3F846F07-C7F3-4921-ACBD-26AD0CF91C45, OS:18.3.1, name:iPad Air 13-inch (M2) }
{ platform:iOS Simulator, arch:x86_64, id:3F846F07-C7F3-4921-ACBD-26AD0CF91C45, OS:18.3.1, name:iPad Air 13-inch (M2) }
{ platform:iOS Simulator, arch:arm64, id:7BACCF15-0DB2-4F4F-81C5-074D518775F6, OS:18.3.1, name:iPad Air 13-inch (M3) }
{ platform:iOS Simulator, arch:x86_64, id:7BACCF15-0DB2-4F4F-81C5-074D518775F6, OS:18.3.1, name:iPad Air 13-inch (M3) }
{ platform:iOS Simulator, arch:arm64, id:7AB8BCFD-DA8B-4139-A423-729DBBF5D30D, OS:26.2, name:iPad Air 13-inch (M3) }
{ platform:iOS Simulator, arch:arm64, id:539D1983-D07B-4A00-8FF7-BF5E41B0B654, OS:18.3.1, name:iPad Pro 11-inch (M4) }
{ platform:iOS Simulator, arch:x86_64, id:539D1983-D07B-4A00-8FF7-BF5E41B0B654, OS:18.3.1, name:iPad Pro 11-inch (M4) }
{ platform:iOS Simulator, arch:arm64, id:7DE4C700-820C-40A9-BA2E-8E568D71D9C8, OS:26.2, name:iPad Pro 11-inch (M5) }
{ platform:iOS Simulator, arch:arm64, id:945DB5D5-E135-48BA-BF6D-2FBE8252E68B, OS:18.3.1, name:iPad Pro 13-inch (M4) }
{ platform:iOS Simulator, arch:x86_64, id:945DB5D5-E135-48BA-BF6D-2FBE8252E68B, OS:18.3.1, name:iPad Pro 13-inch (M4) }
{ platform:iOS Simulator, arch:arm64, id:BA80A90F-F2E7-4EC0-B5D4-4A34D010E006, OS:26.2, name:iPad Pro 13-inch (M5) }
{ platform:iOS Simulator, arch:arm64, id:3E857152-C3AB-418B-A9CD-E2BA281C2663, OS:18.3.1, name:iPad mini (A17 Pro) }
{ platform:iOS Simulator, arch:x86_64, id:3E857152-C3AB-418B-A9CD-E2BA281C2663, OS:18.3.1, name:iPad mini (A17 Pro) }
{ platform:iOS Simulator, arch:arm64, id:DECB54B4-3013-47BC-BF20-04F1D5E521F2, OS:26.2, name:iPad mini (A17 Pro) }
{ platform:iOS Simulator, arch:arm64, id:819E4156-30B6-4809-A592-850B2A6D2CCC, OS:18.3.1, name:iPhone 16 }
{ platform:iOS Simulator, arch:x86_64, id:819E4156-30B6-4809-A592-850B2A6D2CCC, OS:18.3.1, name:iPhone 16 }
{ platform:iOS Simulator, arch:arm64, id:9454B237-2128-4183-A996-BCDB9925E3A3, OS:18.3.1, name:iPhone 16 Plus }
{ platform:iOS Simulator, arch:x86_64, id:9454B237-2128-4183-A996-BCDB9925E3A3, OS:18.3.1, name:iPhone 16 Plus }
{ platform:iOS Simulator, arch:arm64, id:4B971C81-D4BC-49BD-8556-714FB7888974, OS:18.3.1, name:iPhone 16 Pro }
{ platform:iOS Simulator, arch:x86_64, id:4B971C81-D4BC-49BD-8556-714FB7888974, OS:18.3.1, name:iPhone 16 Pro }
{ platform:iOS Simulator, arch:arm64, id:61A6521E-FC9A-48A8-ABB7-E9D6C6360DC0, OS:18.3.1, name:iPhone 16 Pro Max }
{ platform:iOS Simulator, arch:x86_64, id:61A6521E-FC9A-48A8-ABB7-E9D6C6360DC0, OS:18.3.1, name:iPhone 16 Pro Max }
{ platform:iOS Simulator, arch:arm64, id:78769B6B-50CC-4636-A0A5-07A43146964B, OS:18.3.1, name:iPhone 16e }
{ platform:iOS Simulator, arch:x86_64, id:78769B6B-50CC-4636-A0A5-07A43146964B, OS:18.3.1, name:iPhone 16e }
{ platform:iOS Simulator, arch:arm64, id:13C41190-A7D5-4484-A44F-2AC3EC80A83C, OS:26.2, name:iPhone 16e }
{ platform:iOS Simulator, arch:arm64, id:DDC10B4B-880A-491A-81FC-4BED6FA9F480, OS:26.2, name:iPhone 17 }
{ platform:iOS Simulator, arch:arm64, id:AC280BD4-E2A7-49DB-8C97-4263ABF4EDA4, OS:26.2, name:iPhone 17 Pro }
{ platform:iOS Simulator, arch:arm64, id:1E49654E-C070-4D41-9B1E-A299647A75F8, OS:26.2, name:iPhone 17 Pro Max }
{ platform:iOS Simulator, arch:arm64, id:BFCF58C6-D71E-4326-A1AB-96E4038FC013, OS:26.2, name:iPhone Air }
{ platform:iOS Simulator, arch:arm64, id:19984E54-DEA5-4107-8DDF-58AFA54DE565, OS:18.3.1, name:iPhone SE (3rd generation) }
{ platform:iOS Simulator, arch:x86_64, id:19984E54-DEA5-4107-8DDF-58AFA54DE565, OS:18.3.1, name:iPhone SE (3rd generation) }
{ platform:macOS, arch:arm64, variant:Designed for [iPad,iPhone], id:00008122-001E30A911F1001C, name:My Mac }
{ platform:iOS, id:dvtdevice-DVTiPhonePlaceholder-iphoneos:placeholder, name:Any iOS Device }
{ platform:iOS, arch:arm64, id:00008150-001474EE3C8A401C, name:안승원 }
ComputePackagePrebuildTargetDependencyGraph

Prepare packages

CreateBuildRequest

SendProjectDescription

CreateBuildOperation

ComputeTargetDependencyGraph
note: Building targets in dependency order
note: Target dependency graph (1 target)
    Target 'HapgyeokpanApp' in project 'HapgyeokpanApp' (no dependencies)

GatherProvisioningInputs

CreateBuildDescription

ClangStatCache /Applications/Xcode.app/Contents/Developer/Toolchains/XcodeDefault.xctoolchain/usr/bin/clang-stat-cache /Applications/Xcode.app/Contents/Developer/Platforms/iPhoneSimulator.platform/Developer/SDKs/iPhoneSimulator26.2.sdk /Users/anseung-won/Library/Developer/Xcode/DerivedData/SDKStatCaches.noindex/iphonesimulator26.2-23C53-3885c01c3e6b6a337905948deab2002e7d00a8b37fbd7999ea79df8ebc024bf0.sdkstatcache
    cd /Users/anseung-won/Desktop/프로젝트/합격판/apps/ios/HapgyeokpanApp/HapgyeokpanApp.xcodeproj
    /Applications/Xcode.app/Contents/Developer/Toolchains/XcodeDefault.xctoolchain/usr/bin/clang-stat-cache /Applications/Xcode.app/Contents/Developer/Platforms/iPhoneSimulator.platform/Developer/SDKs/iPhoneSimulator26.2.sdk -o /Users/anseung-won/Library/Developer/Xcode/DerivedData/SDKStatCaches.noindex/iphonesimulator26.2-23C53-3885c01c3e6b6a337905948deab2002e7d00a8b37fbd7999ea79df8ebc024bf0.sdkstatcache

SwiftDriver HapgyeokpanApp normal arm64 com.apple.xcode.tools.swift.compiler (in target 'HapgyeokpanApp' from project 'HapgyeokpanApp')
    cd /Users/anseung-won/Desktop/프로젝트/합격판/apps/ios/HapgyeokpanApp
    builtin-SwiftDriver -- /Applications/Xcode.app/Contents/Developer/Toolchains/XcodeDefault.xctoolchain/usr/bin/swiftc -module-name HapgyeokpanApp -Onone -enforce-exclusivity\=checked @/Users/anseung-won/Library/Developer/Xcode/DerivedData/HapgyeokpanApp-dycpkpfktcubzudvzjpiesawavmp/Build/Intermediates.noindex/HapgyeokpanApp.build/Debug-iphonesimulator/HapgyeokpanApp.build/Objects-normal/arm64/HapgyeokpanApp.SwiftFileList -DDEBUG -enable-bare-slash-regex -enable-experimental-feature DebugDescriptionMacro -sdk /Applications/Xcode.app/Contents/Developer/Platforms/iPhoneSimulator.platform/Developer/SDKs/iPhoneSimulator26.2.sdk -target arm64-apple-ios16.0-simulator -g -module-cache-path /Users/anseung-won/Library/Developer/Xcode/DerivedData/ModuleCache.noindex -Xfrontend -serialize-debugging-options -enable-testing -index-store-path /Users/anseung-won/Library/Developer/Xcode/DerivedData/HapgyeokpanApp-dycpkpfktcubzudvzjpiesawavmp/Index.noindex/DataStore -Xcc -D_LIBCPP_HARDENING_MODE\=_LIBCPP_HARDENING_MODE_DEBUG -swift-version 5 -I /Users/anseung-won/Library/Developer/Xcode/DerivedData/HapgyeokpanApp-dycpkpfktcubzudvzjpiesawavmp/Build/Products/Debug-iphonesimulator -F /Users/anseung-won/Library/Developer/Xcode/DerivedData/HapgyeokpanApp-dycpkpfktcubzudvzjpiesawavmp/Build/Products/Debug-iphonesimulator -c -j8 -enable-batch-mode -incremental -Xcc -ivfsstatcache -Xcc /Users/anseung-won/Library/Developer/Xcode/DerivedData/SDKStatCaches.noindex/iphonesimulator26.2-23C53-3885c01c3e6b6a337905948deab2002e7d00a8b37fbd7999ea79df8ebc024bf0.sdkstatcache -output-file-map /Users/anseung-won/Library/Developer/Xcode/DerivedData/HapgyeokpanApp-dycpkpfktcubzudvzjpiesawavmp/Build/Intermediates.noindex/HapgyeokpanApp.build/Debug-iphonesimulator/HapgyeokpanApp.build/Objects-normal/arm64/HapgyeokpanApp-OutputFileMap.json -use-frontend-parseable-output -save-temps -no-color-diagnostics -explicit-module-build -module-cache-path /Users/anseung-won/Library/Developer/Xcode/DerivedData/HapgyeokpanApp-dycpkpfktcubzudvzjpiesawavmp/Build/Intermediates.noindex/SwiftExplicitPrecompiledModules -clang-scanner-module-cache-path /Users/anseung-won/Library/Developer/Xcode/DerivedData/ModuleCache.noindex -sdk-module-cache-path /Users/anseung-won/Library/Developer/Xcode/DerivedData/ModuleCache.noindex -serialize-diagnostics -emit-dependencies -emit-module -emit-module-path /Users/anseung-won/Library/Developer/Xcode/DerivedData/HapgyeokpanApp-dycpkpfktcubzudvzjpiesawavmp/Build/Intermediates.noindex/HapgyeokpanApp.build/Debug-iphonesimulator/HapgyeokpanApp.build/Objects-normal/arm64/HapgyeokpanApp.swiftmodule -validate-clang-modules-once -clang-build-session-file /Users/anseung-won/Library/Developer/Xcode/DerivedData/ModuleCache.noindex/Session.modulevalidation -Xcc -I/Users/anseung-won/Library/Developer/Xcode/DerivedData/HapgyeokpanApp-dycpkpfktcubzudvzjpiesawavmp/Build/Intermediates.noindex/HapgyeokpanApp.build/Debug-iphonesimulator/HapgyeokpanApp.build/swift-overrides.hmap -emit-const-values -Xfrontend -const-gather-protocols-file -Xfrontend /Users/anseung-won/Library/Developer/Xcode/DerivedData/HapgyeokpanApp-dycpkpfktcubzudvzjpiesawavmp/Build/Intermediates.noindex/HapgyeokpanApp.build/Debug-iphonesimulator/HapgyeokpanApp.build/Objects-normal/arm64/HapgyeokpanApp_const_extract_protocols.json -Xcc -iquote -Xcc /Users/anseung-won/Library/Developer/Xcode/DerivedData/HapgyeokpanApp-dycpkpfktcubzudvzjpiesawavmp/Build/Intermediates.noindex/HapgyeokpanApp.build/Debug-iphonesimulator/HapgyeokpanApp.build/HapgyeokpanApp-generated-files.hmap -Xcc -I/Users/anseung-won/Library/Developer/Xcode/DerivedData/HapgyeokpanApp-dycpkpfktcubzudvzjpiesawavmp/Build/Intermediates.noindex/HapgyeokpanApp.build/Debug-iphonesimulator/HapgyeokpanApp.build/HapgyeokpanApp-own-target-headers.hmap -Xcc -I/Users/anseung-won/Library/Developer/Xcode/DerivedData/HapgyeokpanApp-dycpkpfktcubzudvzjpiesawavmp/Build/Intermediates.noindex/HapgyeokpanApp.build/Debug-iphonesimulator/HapgyeokpanApp.build/HapgyeokpanApp-all-target-headers.hmap -Xcc -iquote -Xcc /Users/anseung-won/Library/Developer/Xcode/DerivedData/HapgyeokpanApp-dycpkpfktcubzudvzjpiesawavmp/Build/Intermediates.noindex/HapgyeokpanApp.build/Debug-iphonesimulator/HapgyeokpanApp.build/HapgyeokpanApp-project-headers.hmap -Xcc -I/Users/anseung-won/Library/Developer/Xcode/DerivedData/HapgyeokpanApp-dycpkpfktcubzudvzjpiesawavmp/Build/Products/Debug-iphonesimulator/include -Xcc -I/Users/anseung-won/Library/Developer/Xcode/DerivedData/HapgyeokpanApp-dycpkpfktcubzudvzjpiesawavmp/Build/Intermediates.noindex/HapgyeokpanApp.build/Debug-iphonesimulator/HapgyeokpanApp.build/DerivedSources-normal/arm64 -Xcc -I/Users/anseung-won/Library/Developer/Xcode/DerivedData/HapgyeokpanApp-dycpkpfktcubzudvzjpiesawavmp/Build/Intermediates.noindex/HapgyeokpanApp.build/Debug-iphonesimulator/HapgyeokpanApp.build/DerivedSources/arm64 -Xcc -I/Users/anseung-won/Library/Developer/Xcode/DerivedData/HapgyeokpanApp-dycpkpfktcubzudvzjpiesawavmp/Build/Intermediates.noindex/HapgyeokpanApp.build/Debug-iphonesimulator/HapgyeokpanApp.build/DerivedSources -Xcc -DDEBUG\=1 -emit-objc-header -emit-objc-header-path /Users/anseung-won/Library/Developer/Xcode/DerivedData/HapgyeokpanApp-dycpkpfktcubzudvzjpiesawavmp/Build/Intermediates.noindex/HapgyeokpanApp.build/Debug-iphonesimulator/HapgyeokpanApp.build/Objects-normal/arm64/HapgyeokpanApp-Swift.h -working-directory /Users/anseung-won/Desktop/프로젝트/합격판/apps/ios/HapgyeokpanApp -experimental-emit-module-separately -disable-cmo

SwiftCompile normal arm64 Compiling\ TransferHomeView.swift /Users/anseung-won/Desktop/프로젝트/합격판/apps/ios/HapgyeokpanApp/HapgyeokpanApp/Features/Transfer/TransferHomeView.swift (in target 'HapgyeokpanApp' from project 'HapgyeokpanApp')

SwiftCompile normal arm64 /Users/anseung-won/Desktop/프로젝트/합격판/apps/ios/HapgyeokpanApp/HapgyeokpanApp/Features/Transfer/TransferHomeView.swift (in target 'HapgyeokpanApp' from project 'HapgyeokpanApp')
    cd /Users/anseung-won/Desktop/프로젝트/합격판/apps/ios/HapgyeokpanApp
    

SwiftCompile normal arm64 Compiling\ RankingView.swift /Users/anseung-won/Desktop/프로젝트/합격판/apps/ios/HapgyeokpanApp/HapgyeokpanApp/Features/Ranking/RankingView.swift (in target 'HapgyeokpanApp' from project 'HapgyeokpanApp')
SwiftCompile normal arm64 /Users/anseung-won/Desktop/프로젝트/합격판/apps/ios/HapgyeokpanApp/HapgyeokpanApp/Features/Ranking/RankingView.swift (in target 'HapgyeokpanApp' from project 'HapgyeokpanApp')
    cd /Users/anseung-won/Desktop/프로젝트/합격판/apps/ios/HapgyeokpanApp
    

SwiftCompile normal arm64 Compiling\ Models.swift /Users/anseung-won/Desktop/프로젝트/합격판/apps/ios/HapgyeokpanApp/HapgyeokpanApp/Core/Models.swift (in target 'HapgyeokpanApp' from project 'HapgyeokpanApp')
SwiftCompile normal arm64 /Users/anseung-won/Desktop/프로젝트/합격판/apps/ios/HapgyeokpanApp/HapgyeokpanApp/Core/Models.swift (in target 'HapgyeokpanApp' from project 'HapgyeokpanApp')
    cd /Users/anseung-won/Desktop/프로젝트/합격판/apps/ios/HapgyeokpanApp
    

SwiftEmitModule normal arm64 Emitting\ module\ for\ HapgyeokpanApp (in target 'HapgyeokpanApp' from project 'HapgyeokpanApp')

EmitSwiftModule normal arm64 (in target 'HapgyeokpanApp' from project 'HapgyeokpanApp')
    cd /Users/anseung-won/Desktop/프로젝트/합격판/apps/ios/HapgyeokpanApp
    

SwiftCompile normal arm64 Compiling\ VerificationView.swift /Users/anseung-won/Desktop/프로젝트/합격판/apps/ios/HapgyeokpanApp/HapgyeokpanApp/Features/Verification/VerificationView.swift (in target 'HapgyeokpanApp' from project 'HapgyeokpanApp')

SwiftCompile normal arm64 /Users/anseung-won/Desktop/프로젝트/합격판/apps/ios/HapgyeokpanApp/HapgyeokpanApp/Features/Verification/VerificationView.swift (in target 'HapgyeokpanApp' from project 'HapgyeokpanApp')
    cd /Users/anseung-won/Desktop/프로젝트/합격판/apps/ios/HapgyeokpanApp
    

SwiftCompile normal arm64 Compiling\ AdminView.swift /Users/anseung-won/Desktop/프로젝트/합격판/apps/ios/HapgyeokpanApp/HapgyeokpanApp/Features/Admin/AdminView.swift (in target 'HapgyeokpanApp' from project 'HapgyeokpanApp')

SwiftCompile normal arm64 /Users/anseung-won/Desktop/프로젝트/합격판/apps/ios/HapgyeokpanApp/HapgyeokpanApp/Features/Admin/AdminView.swift (in target 'HapgyeokpanApp' from project 'HapgyeokpanApp')
    cd /Users/anseung-won/Desktop/프로젝트/합격판/apps/ios/HapgyeokpanApp
    

SwiftCompile normal arm64 Compiling\ CommunityBoardsView.swift /Users/anseung-won/Desktop/프로젝트/합격판/apps/ios/HapgyeokpanApp/HapgyeokpanApp/Features/Community/CommunityBoardsView.swift (in target 'HapgyeokpanApp' from project 'HapgyeokpanApp')

SwiftCompile normal arm64 /Users/anseung-won/Desktop/프로젝트/합격판/apps/ios/HapgyeokpanApp/HapgyeokpanApp/Features/Community/CommunityBoardsView.swift (in target 'HapgyeokpanApp' from project 'HapgyeokpanApp')
    cd /Users/anseung-won/Desktop/프로젝트/합격판/apps/ios/HapgyeokpanApp
    

SwiftDriverJobDiscovery normal arm64 Emitting module for HapgyeokpanApp (in target 'HapgyeokpanApp' from project 'HapgyeokpanApp')

SwiftDriver\ Compilation\ Requirements HapgyeokpanApp normal arm64 com.apple.xcode.tools.swift.compiler (in target 'HapgyeokpanApp' from project 'HapgyeokpanApp')
    cd /Users/anseung-won/Desktop/프로젝트/합격판/apps/ios/HapgyeokpanApp
    builtin-Swift-Compilation-Requirements -- /Applications/Xcode.app/Contents/Developer/Toolchains/XcodeDefault.xctoolchain/usr/bin/swiftc -module-name HapgyeokpanApp -Onone -enforce-exclusivity\=checked @/Users/anseung-won/Library/Developer/Xcode/DerivedData/HapgyeokpanApp-dycpkpfktcubzudvzjpiesawavmp/Build/Intermediates.noindex/HapgyeokpanApp.build/Debug-iphonesimulator/HapgyeokpanApp.build/Objects-normal/arm64/HapgyeokpanApp.SwiftFileList -DDEBUG -enable-bare-slash-regex -enable-experimental-feature DebugDescriptionMacro -sdk /Applications/Xcode.app/Contents/Developer/Platforms/iPhoneSimulator.platform/Developer/SDKs/iPhoneSimulator26.2.sdk -target arm64-apple-ios16.0-simulator -g -module-cache-path /Users/anseung-won/Library/Developer/Xcode/DerivedData/ModuleCache.noindex -Xfrontend -serialize-debugging-options -enable-testing -index-store-path /Users/anseung-won/Library/Developer/Xcode/DerivedData/HapgyeokpanApp-dycpkpfktcubzudvzjpiesawavmp/Index.noindex/DataStore -Xcc -D_LIBCPP_HARDENING_MODE\=_LIBCPP_HARDENING_MODE_DEBUG -swift-version 5 -I /Users/anseung-won/Library/Developer/Xcode/DerivedData/HapgyeokpanApp-dycpkpfktcubzudvzjpiesawavmp/Build/Products/Debug-iphonesimulator -F /Users/anseung-won/Library/Developer/Xcode/DerivedData/HapgyeokpanApp-dycpkpfktcubzudvzjpiesawavmp/Build/Products/Debug-iphonesimulator -c -j8 -enable-batch-mode -incremental -Xcc -ivfsstatcache -Xcc /Users/anseung-won/Library/Developer/Xcode/DerivedData/SDKStatCaches.noindex/iphonesimulator26.2-23C53-3885c01c3e6b6a337905948deab2002e7d00a8b37fbd7999ea79df8ebc024bf0.sdkstatcache -output-file-map /Users/anseung-won/Library/Developer/Xcode/DerivedData/HapgyeokpanApp-dycpkpfktcubzudvzjpiesawavmp/Build/Intermediates.noindex/HapgyeokpanApp.build/Debug-iphonesimulator/HapgyeokpanApp.build/Objects-normal/arm64/HapgyeokpanApp-OutputFileMap.json -use-frontend-parseable-output -save-temps -no-color-diagnostics -explicit-module-build -module-cache-path /Users/anseung-won/Library/Developer/Xcode/DerivedData/HapgyeokpanApp-dycpkpfktcubzudvzjpiesawavmp/Build/Intermediates.noindex/SwiftExplicitPrecompiledModules -clang-scanner-module-cache-path /Users/anseung-won/Library/Developer/Xcode/DerivedData/ModuleCache.noindex -sdk-module-cache-path /Users/anseung-won/Library/Developer/Xcode/DerivedData/ModuleCache.noindex -serialize-diagnostics -emit-dependencies -emit-module -emit-module-path /Users/anseung-won/Library/Developer/Xcode/DerivedData/HapgyeokpanApp-dycpkpfktcubzudvzjpiesawavmp/Build/Intermediates.noindex/HapgyeokpanApp.build/Debug-iphonesimulator/HapgyeokpanApp.build/Objects-normal/arm64/HapgyeokpanApp.swiftmodule -validate-clang-modules-once -clang-build-session-file /Users/anseung-won/Library/Developer/Xcode/DerivedData/ModuleCache.noindex/Session.modulevalidation -Xcc -I/Users/anseung-won/Library/Developer/Xcode/DerivedData/HapgyeokpanApp-dycpkpfktcubzudvzjpiesawavmp/Build/Intermediates.noindex/HapgyeokpanApp.build/Debug-iphonesimulator/HapgyeokpanApp.build/swift-overrides.hmap -emit-const-values -Xfrontend -const-gather-protocols-file -Xfrontend /Users/anseung-won/Library/Developer/Xcode/DerivedData/HapgyeokpanApp-dycpkpfktcubzudvzjpiesawavmp/Build/Intermediates.noindex/HapgyeokpanApp.build/Debug-iphonesimulator/HapgyeokpanApp.build/Objects-normal/arm64/HapgyeokpanApp_const_extract_protocols.json -Xcc -iquote -Xcc /Users/anseung-won/Library/Developer/Xcode/DerivedData/HapgyeokpanApp-dycpkpfktcubzudvzjpiesawavmp/Build/Intermediates.noindex/HapgyeokpanApp.build/Debug-iphonesimulator/HapgyeokpanApp.build/HapgyeokpanApp-generated-files.hmap -Xcc -I/Users/anseung-won/Library/Developer/Xcode/DerivedData/HapgyeokpanApp-dycpkpfktcubzudvzjpiesawavmp/Build/Intermediates.noindex/HapgyeokpanApp.build/Debug-iphonesimulator/HapgyeokpanApp.build/HapgyeokpanApp-own-target-headers.hmap -Xcc -I/Users/anseung-won/Library/Developer/Xcode/DerivedData/HapgyeokpanApp-dycpkpfktcubzudvzjpiesawavmp/Build/Intermediates.noindex/HapgyeokpanApp.build/Debug-iphonesimulator/HapgyeokpanApp.build/HapgyeokpanApp-all-target-headers.hmap -Xcc -iquote -Xcc /Users/anseung-won/Library/Developer/Xcode/DerivedData/HapgyeokpanApp-dycpkpfktcubzudvzjpiesawavmp/Build/Intermediates.noindex/HapgyeokpanApp.build/Debug-iphonesimulator/HapgyeokpanApp.build/HapgyeokpanApp-project-headers.hmap -Xcc -I/Users/anseung-won/Library/Developer/Xcode/DerivedData/HapgyeokpanApp-dycpkpfktcubzudvzjpiesawavmp/Build/Products/Debug-iphonesimulator/include -Xcc -I/Users/anseung-won/Library/Developer/Xcode/DerivedData/HapgyeokpanApp-dycpkpfktcubzudvzjpiesawavmp/Build/Intermediates.noindex/HapgyeokpanApp.build/Debug-iphonesimulator/HapgyeokpanApp.build/DerivedSources-normal/arm64 -Xcc -I/Users/anseung-won/Library/Developer/Xcode/DerivedData/HapgyeokpanApp-dycpkpfktcubzudvzjpiesawavmp/Build/Intermediates.noindex/HapgyeokpanApp.build/Debug-iphonesimulator/HapgyeokpanApp.build/DerivedSources/arm64 -Xcc -I/Users/anseung-won/Library/Developer/Xcode/DerivedData/HapgyeokpanApp-dycpkpfktcubzudvzjpiesawavmp/Build/Intermediates.noindex/HapgyeokpanApp.build/Debug-iphonesimulator/HapgyeokpanApp.build/DerivedSources -Xcc -DDEBUG\=1 -emit-objc-header -emit-objc-header-path /Users/anseung-won/Library/Developer/Xcode/DerivedData/HapgyeokpanApp-dycpkpfktcubzudvzjpiesawavmp/Build/Intermediates.noindex/HapgyeokpanApp.build/Debug-iphonesimulator/HapgyeokpanApp.build/Objects-normal/arm64/HapgyeokpanApp-Swift.h -working-directory /Users/anseung-won/Desktop/프로젝트/합격판/apps/ios/HapgyeokpanApp -experimental-emit-module-separately -disable-cmo

SwiftDriverJobDiscovery normal arm64 Compiling VerificationView.swift (in target 'HapgyeokpanApp' from project 'HapgyeokpanApp')

SwiftDriverJobDiscovery normal arm64 Compiling CommunityBoardsView.swift (in target 'HapgyeokpanApp' from project 'HapgyeokpanApp')

SwiftCompile normal arm64 Compiling\ ContentView.swift /Users/anseung-won/Desktop/프로젝트/합격판/apps/ios/HapgyeokpanApp/HapgyeokpanApp/ContentView.swift (in target 'HapgyeokpanApp' from project 'HapgyeokpanApp')
SwiftCompile normal arm64 /Users/anseung-won/Desktop/프로젝트/합격판/apps/ios/HapgyeokpanApp/HapgyeokpanApp/ContentView.swift (in target 'HapgyeokpanApp' from project 'HapgyeokpanApp')
    cd /Users/anseung-won/Desktop/프로젝트/합격판/apps/ios/HapgyeokpanApp
    

SwiftDriverJobDiscovery normal arm64 Compiling AdminView.swift (in target 'HapgyeokpanApp' from project 'HapgyeokpanApp')

SwiftDriverJobDiscovery normal arm64 Compiling TransferHomeView.swift (in target 'HapgyeokpanApp' from project 'HapgyeokpanApp')

SwiftDriverJobDiscovery normal arm64 Compiling RankingView.swift (in target 'HapgyeokpanApp' from project 'HapgyeokpanApp')

SwiftDriverJobDiscovery normal arm64 Compiling Models.swift (in target 'HapgyeokpanApp' from project 'HapgyeokpanApp')

SwiftCompile normal arm64 Compiling\ MyPageView.swift /Users/anseung-won/Desktop/프로젝트/합격판/apps/ios/HapgyeokpanApp/HapgyeokpanApp/Features/MyPage/MyPageView.swift (in target 'HapgyeokpanApp' from project 'HapgyeokpanApp')
SwiftCompile normal arm64 /Users/anseung-won/Desktop/프로젝트/합격판/apps/ios/HapgyeokpanApp/HapgyeokpanApp/Features/MyPage/MyPageView.swift (in target 'HapgyeokpanApp' from project 'HapgyeokpanApp')
    cd /Users/anseung-won/Desktop/프로젝트/합격판/apps/ios/HapgyeokpanApp
    

SwiftCompile normal arm64 Compiling\ PostComposerView.swift /Users/anseung-won/Desktop/프로젝트/합격판/apps/ios/HapgyeokpanApp/HapgyeokpanApp/Features/Community/PostComposerView.swift (in target 'HapgyeokpanApp' from project 'HapgyeokpanApp')
SwiftCompile normal arm64 /Users/anseung-won/Desktop/프로젝트/합격판/apps/ios/HapgyeokpanApp/HapgyeokpanApp/Features/Community/PostComposerView.swift (in target 'HapgyeokpanApp' from project 'HapgyeokpanApp')
    cd /Users/anseung-won/Desktop/프로젝트/합격판/apps/ios/HapgyeokpanApp
    

SwiftCompile normal arm64 Compiling\ PostDetailView.swift /Users/anseung-won/Desktop/프로젝트/합격판/apps/ios/HapgyeokpanApp/HapgyeokpanApp/Features/Community/PostDetailView.swift (in target 'HapgyeokpanApp' from project 'HapgyeokpanApp')

SwiftCompile normal arm64 /Users/anseung-won/Desktop/프로젝트/합격판/apps/ios/HapgyeokpanApp/HapgyeokpanApp/Features/Community/PostDetailView.swift (in target 'HapgyeokpanApp' from project 'HapgyeokpanApp')
    cd /Users/anseung-won/Desktop/프로젝트/합격판/apps/ios/HapgyeokpanApp
    

SwiftCompile normal arm64 Compiling\ APIClient.swift /Users/anseung-won/Desktop/프로젝트/합격판/apps/ios/HapgyeokpanApp/HapgyeokpanApp/Core/APIClient.swift (in target 'HapgyeokpanApp' from project 'HapgyeokpanApp')

SwiftCompile normal arm64 /Users/anseung-won/Desktop/프로젝트/합격판/apps/ios/HapgyeokpanApp/HapgyeokpanApp/Core/APIClient.swift (in target 'HapgyeokpanApp' from project 'HapgyeokpanApp')
    cd /Users/anseung-won/Desktop/프로젝트/합격판/apps/ios/HapgyeokpanApp
    

SwiftCompile normal arm64 Compiling\ BoardPostsView.swift /Users/anseung-won/Desktop/프로젝트/합격판/apps/ios/HapgyeokpanApp/HapgyeokpanApp/Features/Community/BoardPostsView.swift (in target 'HapgyeokpanApp' from project 'HapgyeokpanApp')

SwiftCompile normal arm64 /Users/anseung-won/Desktop/프로젝트/합격판/apps/ios/HapgyeokpanApp/HapgyeokpanApp/Features/Community/BoardPostsView.swift (in target 'HapgyeokpanApp' from project 'HapgyeokpanApp')
    cd /Users/anseung-won/Desktop/프로젝트/합격판/apps/ios/HapgyeokpanApp
    

SwiftDriverJobDiscovery normal arm64 Compiling ContentView.swift (in target 'HapgyeokpanApp' from project 'HapgyeokpanApp')

SwiftDriverJobDiscovery normal arm64 Compiling APIClient.swift (in target 'HapgyeokpanApp' from project 'HapgyeokpanApp')

SwiftDriverJobDiscovery normal arm64 Compiling MyPageView.swift (in target 'HapgyeokpanApp' from project 'HapgyeokpanApp')

SwiftDriverJobDiscovery normal arm64 Compiling PostDetailView.swift (in target 'HapgyeokpanApp' from project 'HapgyeokpanApp')

SwiftDriverJobDiscovery normal arm64 Compiling BoardPostsView.swift (in target 'HapgyeokpanApp' from project 'HapgyeokpanApp')

SwiftDriverJobDiscovery normal arm64 Compiling PostComposerView.swift (in target 'HapgyeokpanApp' from project 'HapgyeokpanApp')

SwiftDriver\ Compilation HapgyeokpanApp normal arm64 com.apple.xcode.tools.swift.compiler (in target 'HapgyeokpanApp' from project 'HapgyeokpanApp')
    cd /Users/anseung-won/Desktop/프로젝트/합격판/apps/ios/HapgyeokpanApp
    builtin-Swift-Compilation -- /Applications/Xcode.app/Contents/Developer/Toolchains/XcodeDefault.xctoolchain/usr/bin/swiftc -module-name HapgyeokpanApp -Onone -enforce-exclusivity\=checked @/Users/anseung-won/Library/Developer/Xcode/DerivedData/HapgyeokpanApp-dycpkpfktcubzudvzjpiesawavmp/Build/Intermediates.noindex/HapgyeokpanApp.build/Debug-iphonesimulator/HapgyeokpanApp.build/Objects-normal/arm64/HapgyeokpanApp.SwiftFileList -DDEBUG -enable-bare-slash-regex -enable-experimental-feature DebugDescriptionMacro -sdk /Applications/Xcode.app/Contents/Developer/Platforms/iPhoneSimulator.platform/Developer/SDKs/iPhoneSimulator26.2.sdk -target arm64-apple-ios16.0-simulator -g -module-cache-path /Users/anseung-won/Library/Developer/Xcode/DerivedData/ModuleCache.noindex -Xfrontend -serialize-debugging-options -enable-testing -index-store-path /Users/anseung-won/Library/Developer/Xcode/DerivedData/HapgyeokpanApp-dycpkpfktcubzudvzjpiesawavmp/Index.noindex/DataStore -Xcc -D_LIBCPP_HARDENING_MODE\=_LIBCPP_HARDENING_MODE_DEBUG -swift-version 5 -I /Users/anseung-won/Library/Developer/Xcode/DerivedData/HapgyeokpanApp-dycpkpfktcubzudvzjpiesawavmp/Build/Products/Debug-iphonesimulator -F /Users/anseung-won/Library/Developer/Xcode/DerivedData/HapgyeokpanApp-dycpkpfktcubzudvzjpiesawavmp/Build/Products/Debug-iphonesimulator -c -j8 -enable-batch-mode -incremental -Xcc -ivfsstatcache -Xcc /Users/anseung-won/Library/Developer/Xcode/DerivedData/SDKStatCaches.noindex/iphonesimulator26.2-23C53-3885c01c3e6b6a337905948deab2002e7d00a8b37fbd7999ea79df8ebc024bf0.sdkstatcache -output-file-map /Users/anseung-won/Library/Developer/Xcode/DerivedData/HapgyeokpanApp-dycpkpfktcubzudvzjpiesawavmp/Build/Intermediates.noindex/HapgyeokpanApp.build/Debug-iphonesimulator/HapgyeokpanApp.build/Objects-normal/arm64/HapgyeokpanApp-OutputFileMap.json -use-frontend-parseable-output -save-temps -no-color-diagnostics -explicit-module-build -module-cache-path /Users/anseung-won/Library/Developer/Xcode/DerivedData/HapgyeokpanApp-dycpkpfktcubzudvzjpiesawavmp/Build/Intermediates.noindex/SwiftExplicitPrecompiledModules -clang-scanner-module-cache-path /Users/anseung-won/Library/Developer/Xcode/DerivedData/ModuleCache.noindex -sdk-module-cache-path /Users/anseung-won/Library/Developer/Xcode/DerivedData/ModuleCache.noindex -serialize-diagnostics -emit-dependencies -emit-module -emit-module-path /Users/anseung-won/Library/Developer/Xcode/DerivedData/HapgyeokpanApp-dycpkpfktcubzudvzjpiesawavmp/Build/Intermediates.noindex/HapgyeokpanApp.build/Debug-iphonesimulator/HapgyeokpanApp.build/Objects-normal/arm64/HapgyeokpanApp.swiftmodule -validate-clang-modules-once -clang-build-session-file /Users/anseung-won/Library/Developer/Xcode/DerivedData/ModuleCache.noindex/Session.modulevalidation -Xcc -I/Users/anseung-won/Library/Developer/Xcode/DerivedData/HapgyeokpanApp-dycpkpfktcubzudvzjpiesawavmp/Build/Intermediates.noindex/HapgyeokpanApp.build/Debug-iphonesimulator/HapgyeokpanApp.build/swift-overrides.hmap -emit-const-values -Xfrontend -const-gather-protocols-file -Xfrontend /Users/anseung-won/Library/Developer/Xcode/DerivedData/HapgyeokpanApp-dycpkpfktcubzudvzjpiesawavmp/Build/Intermediates.noindex/HapgyeokpanApp.build/Debug-iphonesimulator/HapgyeokpanApp.build/Objects-normal/arm64/HapgyeokpanApp_const_extract_protocols.json -Xcc -iquote -Xcc /Users/anseung-won/Library/Developer/Xcode/DerivedData/HapgyeokpanApp-dycpkpfktcubzudvzjpiesawavmp/Build/Intermediates.noindex/HapgyeokpanApp.build/Debug-iphonesimulator/HapgyeokpanApp.build/HapgyeokpanApp-generated-files.hmap -Xcc -I/Users/anseung-won/Library/Developer/Xcode/DerivedData/HapgyeokpanApp-dycpkpfktcubzudvzjpiesawavmp/Build/Intermediates.noindex/HapgyeokpanApp.build/Debug-iphonesimulator/HapgyeokpanApp.build/HapgyeokpanApp-own-target-headers.hmap -Xcc -I/Users/anseung-won/Library/Developer/Xcode/DerivedData/HapgyeokpanApp-dycpkpfktcubzudvzjpiesawavmp/Build/Intermediates.noindex/HapgyeokpanApp.build/Debug-iphonesimulator/HapgyeokpanApp.build/HapgyeokpanApp-all-target-headers.hmap -Xcc -iquote -Xcc /Users/anseung-won/Library/Developer/Xcode/DerivedData/HapgyeokpanApp-dycpkpfktcubzudvzjpiesawavmp/Build/Intermediates.noindex/HapgyeokpanApp.build/Debug-iphonesimulator/HapgyeokpanApp.build/HapgyeokpanApp-project-headers.hmap -Xcc -I/Users/anseung-won/Library/Developer/Xcode/DerivedData/HapgyeokpanApp-dycpkpfktcubzudvzjpiesawavmp/Build/Products/Debug-iphonesimulator/include -Xcc -I/Users/anseung-won/Library/Developer/Xcode/DerivedData/HapgyeokpanApp-dycpkpfktcubzudvzjpiesawavmp/Build/Intermediates.noindex/HapgyeokpanApp.build/Debug-iphonesimulator/HapgyeokpanApp.build/DerivedSources-normal/arm64 -Xcc -I/Users/anseung-won/Library/Developer/Xcode/DerivedData/HapgyeokpanApp-dycpkpfktcubzudvzjpiesawavmp/Build/Intermediates.noindex/HapgyeokpanApp.build/Debug-iphonesimulator/HapgyeokpanApp.build/DerivedSources/arm64 -Xcc -I/Users/anseung-won/Library/Developer/Xcode/DerivedData/HapgyeokpanApp-dycpkpfktcubzudvzjpiesawavmp/Build/Intermediates.noindex/HapgyeokpanApp.build/Debug-iphonesimulator/HapgyeokpanApp.build/DerivedSources -Xcc -DDEBUG\=1 -emit-objc-header -emit-objc-header-path /Users/anseung-won/Library/Developer/Xcode/DerivedData/HapgyeokpanApp-dycpkpfktcubzudvzjpiesawavmp/Build/Intermediates.noindex/HapgyeokpanApp.build/Debug-iphonesimulator/HapgyeokpanApp.build/Objects-normal/arm64/HapgyeokpanApp-Swift.h -working-directory /Users/anseung-won/Desktop/프로젝트/합격판/apps/ios/HapgyeokpanApp -experimental-emit-module-separately -disable-cmo

ExtractAppIntentsMetadata (in target 'HapgyeokpanApp' from project 'HapgyeokpanApp')
    cd /Users/anseung-won/Desktop/프로젝트/합격판/apps/ios/HapgyeokpanApp
    /Applications/Xcode.app/Contents/Developer/Toolchains/XcodeDefault.xctoolchain/usr/bin/appintentsmetadataprocessor --toolchain-dir /var/run/com.apple.security.cryptexd/mnt/com.apple.MobileAsset.MetalToolchain-v17.3.48.0.3qN3Av/Metal.xctoolchain --module-name HapgyeokpanApp --sdk-root /Applications/Xcode.app/Contents/Developer/Platforms/iPhoneSimulator.platform/Developer/SDKs/iPhoneSimulator26.2.sdk --xcode-version 17C52 --platform-family iOS --deployment-target 16.0 --bundle-identifier kr.hapgyeokpan.ios --output /Users/anseung-won/Library/Developer/Xcode/DerivedData/HapgyeokpanApp-dycpkpfktcubzudvzjpiesawavmp/Build/Products/Debug-iphonesimulator/HapgyeokpanApp.app --target-triple arm64-apple-ios16.0-simulator --target-triple x86_64-apple-ios16.0-simulator --binary-file /Users/anseung-won/Library/Developer/Xcode/DerivedData/HapgyeokpanApp-dycpkpfktcubzudvzjpiesawavmp/Build/Products/Debug-iphonesimulator/HapgyeokpanApp.app/HapgyeokpanApp --dependency-file /Users/anseung-won/Library/Developer/Xcode/DerivedData/HapgyeokpanApp-dycpkpfktcubzudvzjpiesawavmp/Build/Intermediates.noindex/HapgyeokpanApp.build/Debug-iphonesimulator/HapgyeokpanApp.build/Objects-normal/arm64/HapgyeokpanApp_dependency_info.dat --dependency-file /Users/anseung-won/Library/Developer/Xcode/DerivedData/HapgyeokpanApp-dycpkpfktcubzudvzjpiesawavmp/Build/Intermediates.noindex/HapgyeokpanApp.build/Debug-iphonesimulator/HapgyeokpanApp.build/Objects-normal/x86_64/HapgyeokpanApp_dependency_info.dat --stringsdata-file /Users/anseung-won/Library/Developer/Xcode/DerivedData/HapgyeokpanApp-dycpkpfktcubzudvzjpiesawavmp/Build/Intermediates.noindex/HapgyeokpanApp.build/Debug-iphonesimulator/HapgyeokpanApp.build/Objects-normal/arm64/ExtractedAppShortcutsMetadata.stringsdata --stringsdata-file /Users/anseung-won/Library/Developer/Xcode/DerivedData/HapgyeokpanApp-dycpkpfktcubzudvzjpiesawavmp/Build/Intermediates.noindex/HapgyeokpanApp.build/Debug-iphonesimulator/HapgyeokpanApp.build/Objects-normal/x86_64/ExtractedAppShortcutsMetadata.stringsdata --source-file-list /Users/anseung-won/Library/Developer/Xcode/DerivedData/HapgyeokpanApp-dycpkpfktcubzudvzjpiesawavmp/Build/Intermediates.noindex/HapgyeokpanApp.build/Debug-iphonesimulator/HapgyeokpanApp.build/Objects-normal/arm64/HapgyeokpanApp.SwiftFileList --source-file-list /Users/anseung-won/Library/Developer/Xcode/DerivedData/HapgyeokpanApp-dycpkpfktcubzudvzjpiesawavmp/Build/Intermediates.noindex/HapgyeokpanApp.build/Debug-iphonesimulator/HapgyeokpanApp.build/Objects-normal/x86_64/HapgyeokpanApp.SwiftFileList --metadata-file-list /Users/anseung-won/Library/Developer/Xcode/DerivedData/HapgyeokpanApp-dycpkpfktcubzudvzjpiesawavmp/Build/Intermediates.noindex/HapgyeokpanApp.build/Debug-iphonesimulator/HapgyeokpanApp.build/HapgyeokpanApp.DependencyMetadataFileList --static-metadata-file-list /Users/anseung-won/Library/Developer/Xcode/DerivedData/HapgyeokpanApp-dycpkpfktcubzudvzjpiesawavmp/Build/Intermediates.noindex/HapgyeokpanApp.build/Debug-iphonesimulator/HapgyeokpanApp.build/HapgyeokpanApp.DependencyStaticMetadataFileList --swift-const-vals-list /Users/anseung-won/Library/Developer/Xcode/DerivedData/HapgyeokpanApp-dycpkpfktcubzudvzjpiesawavmp/Build/Intermediates.noindex/HapgyeokpanApp.build/Debug-iphonesimulator/HapgyeokpanApp.build/Objects-normal/arm64/HapgyeokpanApp.SwiftConstValuesFileList --swift-const-vals-list /Users/anseung-won/Library/Developer/Xcode/DerivedData/HapgyeokpanApp-dycpkpfktcubzudvzjpiesawavmp/Build/Intermediates.noindex/HapgyeokpanApp.build/Debug-iphonesimulator/HapgyeokpanApp.build/Objects-normal/x86_64/HapgyeokpanApp.SwiftConstValuesFileList --compile-time-extraction --deployment-aware-processing --validate-assistant-intents --no-app-shortcuts-localization
2026-02-24 21:24:33.522 appintentsmetadataprocessor[48893:11174782] Starting appintentsmetadataprocessor export
2026-02-24 21:24:33.524 appintentsmetadataprocessor[48893:11174782] warning: Metadata extraction skipped. No AppIntents.framework dependency found.

** BUILD SUCCEEDED **

